<?xml version="1.0" encoding="UTF-8"?>
<!-- Generated by org.testng.reporters.JUnitReportReporter -->
<testsuite skipped="0" hostname="DESKTOP-GD2TQ7C" name="org.omrBranch.SampleTestNG" tests="1" failures="0" timestamp="09 Jun 2022 06:23:11 GMT" time="6.196" errors="0">
  <testcase name="login" time="6.196" classname="org.omrBranch.SampleTestNG"/>
</testsuite> <!-- org.omrBranch.SampleTestNG -->
